<?xml version="1.0" encoding="UTF-8"?>
<!-- Generated by org.testng.reporters.JUnitReportReporter -->
<testsuite hostname="venkat-PC" name="socialtrade.bin.A" tests="1" failures="0" timestamp="25 Dec 2016 13:45:43 GMT" time="14.345" errors="0">
  <testcase name="testLogin" time="14.345" classname="socialtrade.bin.A"/>
</testsuite> <!-- socialtrade.bin.A -->
