<?xml version="1.0" encoding="UTF-8"?>
<!-- Generated by org.testng.reporters.JUnitReportReporter -->
<testsuite hostname="venkat-PC" name="socialtrade.bin.StartedWork" tests="1" failures="0" timestamp="22 Dec 2016 20:37:15 GMT" time="4834.584" errors="0">
  <testcase name="testStartingWorkTest" time="4834.584" classname="socialtrade.bin.StartedWork"/>
</testsuite> <!-- socialtrade.bin.StartedWork -->
