<?xml version="1.0" encoding="UTF-8"?>
<!-- Generated by org.testng.reporters.JUnitReportReporter -->
<testsuite hostname="NODE385" name="socialtrade.bin.TodayTaskTest" tests="1" failures="0" timestamp="25 Jan 2017 15:58:12 GMT" time="3509.920" errors="0">
  <testcase name="testStartWorking" time="3509.920" classname="socialtrade.bin.TodayTaskTest"/>
</testsuite> <!-- socialtrade.bin.TodayTaskTest -->
